::1 - - [05/Dec/2018:13:14:02 +0000] "GET /phpmyadmin HTTP/1.1" 301 241
::1 - - [05/Dec/2018:13:14:02 +0000] "GET /phpmyadmin/ HTTP/1.1" 200 8469
::1 - - [05/Dec/2018:13:14:05 +0000] "GET /phpmyadmin/themes/pmahomme/img/logo_right.png HTTP/1.1" 200 4548
::1 - - [05/Dec/2018:13:14:05 +0000] "GET /phpmyadmin/themes/pmahomme/jquery/jquery-ui-1.9.2.custom.css HTTP/1.1" 200 32278
::1 - - [05/Dec/2018:13:14:05 +0000] "GET /phpmyadmin/themes/dot.gif HTTP/1.1" 200 43
::1 - - [05/Dec/2018:13:14:05 +0000] "GET /phpmyadmin/phpmyadmin.css.php?server=1&lang=en&collation_connection=utf8_general_ci&token=96b3fb387b9234730a04adceaea45d31&nocache=4631518579ltr HTTP/1.1" 200 88608
::1 - - [05/Dec/2018:13:14:05 +0000] "GET /phpmyadmin/js/get_image.js.php?theme=pmahomme HTTP/1.1" 200 6263
::1 - - [05/Dec/2018:13:14:05 +0000] "GET /phpmyadmin/js/messages.php?lang=en&db=&server=0&collation_connection=utf8_general_ci&token=31a45feb3adea7abef1c72c749737742 HTTP/1.1" 200 16674
::1 - - [05/Dec/2018:13:14:05 +0000] "GET /phpmyadmin/js/get_scripts.js.php?scripts[]=jquery/jquery-1.8.3.js&scripts[]=ajax.js&scripts[]=keyhandler.js&scripts[]=jquery/jquery-ui-1.9.2.custom.js&scripts[]=jquery/jquery.sprintf.js&scripts[]=jquery/jquery.cookie.js&scripts[]=jquery/jquery.mousewheel.js&scripts[]=jquery/jquery.event.drag-2.2.js&scripts[]=jquery/jquery-ui-timepicker-addon.js&scripts[]=jquery/jquery.ba-hashchange-1.3.js&scripts[]=jquery/jquery.debounce-1.0.5.js&scripts[]=jquery/jquery.menuResizer-1.0.js&scripts[]=rte.js&scripts[]=functions.js&scripts[]=navigation.js&scripts[]=indexes.js&scripts[]=common.js&scripts[]=codemirror/lib/codemirror.js&scripts[]=codemirror/mode/mysql/mysql.js HTTP/1.1" 200 578562
::1 - - [05/Dec/2018:13:14:06 +0000] "GET /phpmyadmin/themes/pmahomme/img/sprites.png HTTP/1.1" 200 61899
::1 - - [05/Dec/2018:13:14:07 +0000] "GET /phpmyadmin/favicon.ico HTTP/1.1" 200 18902
::1 - - [05/Dec/2018:13:14:07 +0000] "GET /phpmyadmin/ HTTP/1.1" 200 7941
::1 - - [05/Dec/2018:13:14:07 +0000] "GET /phpmyadmin/phpmyadmin.css.php?server=1&token=4ab96a164e995f81e9478664ca2648f6&nocache=4631518579ltr HTTP/1.1" 200 88608
::1 - - [05/Dec/2018:13:14:07 +0000] "GET /phpmyadmin/js/messages.php?lang=en&db=&server=0&token=96b3fb387b9234730a04adceaea45d31 HTTP/1.1" 200 16674
::1 - - [05/Dec/2018:13:14:15 +0000] "POST /phpmyadmin/index.php HTTP/1.1" 302 -
::1 - - [05/Dec/2018:13:14:15 +0000] "GET /phpmyadmin/index.php?token=4ab96a164e995f81e9478664ca2648f6 HTTP/1.1" 200 43693
::1 - - [05/Dec/2018:13:14:16 +0000] "GET /phpmyadmin/themes/pmahomme/img/logo_left.png HTTP/1.1" 200 2327
::1 - - [05/Dec/2018:13:14:16 +0000] "GET /phpmyadmin/themes/pmahomme/img/ajax_clock_small.gif HTTP/1.1" 200 1810
::1 - - [05/Dec/2018:13:14:15 +0000] "GET /phpmyadmin/phpmyadmin.css.php?server=1&token=4ab96a164e995f81e9478664ca2648f6&nocache=6175534234ltr HTTP/1.1" 200 88608
::1 - - [05/Dec/2018:13:14:16 +0000] "GET /phpmyadmin/js/messages.php?lang=en&db=&server=0&token=4ab96a164e995f81e9478664ca2648f6 HTTP/1.1" 200 16674
::1 - - [05/Dec/2018:13:14:16 +0000] "GET /phpmyadmin/themes/pmahomme/img/left_nav_bg.png HTTP/1.1" 200 297
::1 - - [05/Dec/2018:13:14:16 +0000] "GET /phpmyadmin/version_check.php?&_nocache=1544015656238317979 HTTP/1.1" 200 39
::1 - - [05/Dec/2018:13:14:18 +0000] "GET /phpmyadmin/db_structure.php?server=1&db=titanic&token=4ab96a164e995f81e9478664ca2648f6&ajax_request=true&ajax_page_request=true&menuHashes=bba48d93&_nocache=1544015658038986584 HTTP/1.1" 200 18088
::1 - - [05/Dec/2018:13:14:18 +0000] "GET /phpmyadmin/themes/pmahomme/img/arrow_ltr.png HTTP/1.1" 200 139
::1 - - [05/Dec/2018:13:14:18 +0000] "GET /phpmyadmin/js/get_scripts.js.php?scripts[]=db_structure.js&scripts[]=tbl_change.js HTTP/1.1" 200 12382
::1 - - [05/Dec/2018:13:14:20 +0000] "GET /phpmyadmin/sql.php?db=titanic&token=4ab96a164e995f81e9478664ca2648f6&goto=db_structure.php&table=passengers&pos=0&ajax_request=true&ajax_page_request=true&menuHashes=bba48d93-833190e2&_nocache=1544015660276427846 HTTP/1.1" 200 10313
::1 - - [05/Dec/2018:13:14:20 +0000] "GET /phpmyadmin/js/get_scripts.js.php?scripts[]=tbl_structure.js&scripts[]=gis_data_editor.js HTTP/1.1" 200 15188
::1 - - [05/Dec/2018:13:14:20 +0000] "GET /phpmyadmin/index.php?ajax_request=1&recent_table=1&token=4ab96a164e995f81e9478664ca2648f6 HTTP/1.1" 200 218
::1 - - [05/Dec/2018:13:14:22 +0000] "GET /phpmyadmin/tbl_structure.php?db=titanic&table=passengers&token=4ab96a164e995f81e9478664ca2648f6&ajax_request=true&ajax_page_request=true&menuHashes=bba48d93-833190e2-786b4570&_nocache=1544015662371270558 HTTP/1.1" 200 63368
::1 - - [05/Dec/2018:13:14:22 +0000] "GET /phpmyadmin/index.php?ajax_request=1&recent_table=1&token=4ab96a164e995f81e9478664ca2648f6 HTTP/1.1" 200 218
::1 - - [05/Dec/2018:13:14:24 +0000] "GET /phpmyadmin/sql.php?db=titanic&table=passengers&token=4ab96a164e995f81e9478664ca2648f6&pos=0&ajax_request=true&ajax_page_request=true&menuHashes=bba48d93-833190e2-786b4570-96cd0cfd&_nocache=1544015664305544221 HTTP/1.1" 200 7247
::1 - - [05/Dec/2018:13:14:24 +0000] "GET /phpmyadmin/index.php?ajax_request=1&recent_table=1&token=4ab96a164e995f81e9478664ca2648f6 HTTP/1.1" 200 218
::1 - - [05/Dec/2018:13:14:26 +0000] "GET /phpmyadmin/db_structure.php?server=1&db=titanic&token=4ab96a164e995f81e9478664ca2648f6&ajax_request=true&ajax_page_request=true&menuHashes=bba48d93-833190e2-786b4570-96cd0cfd&_nocache=1544015666877829355 HTTP/1.1" 200 15006
::1 - - [05/Dec/2018:13:14:31 +0000] "GET /phpmyadmin/sql.php?db=titanic&token=4ab96a164e995f81e9478664ca2648f6&goto=db_structure.php&table=passengers&pos=0&ajax_request=true&ajax_page_request=true&menuHashes=bba48d93-833190e2-786b4570-96cd0cfd&_nocache=1544015671034849247 HTTP/1.1" 200 7247
::1 - - [05/Dec/2018:13:14:31 +0000] "GET /phpmyadmin/index.php?ajax_request=1&recent_table=1&token=4ab96a164e995f81e9478664ca2648f6 HTTP/1.1" 200 218
::1 - - [05/Dec/2018:13:14:33 +0000] "GET /phpmyadmin/tbl_import.php?db=titanic&table=passengers&token=4ab96a164e995f81e9478664ca2648f6&ajax_request=true&ajax_page_request=true&menuHashes=bba48d93-833190e2-786b4570-96cd0cfd&_nocache=154401567315777685 HTTP/1.1" 200 17934
::1 - - [05/Dec/2018:13:14:33 +0000] "GET /phpmyadmin/js/get_scripts.js.php?scripts[]=import.js HTTP/1.1" 200 1584
::1 - - [05/Dec/2018:13:14:33 +0000] "GET /phpmyadmin/index.php?ajax_request=1&recent_table=1&token=4ab96a164e995f81e9478664ca2648f6 HTTP/1.1" 200 218
::1 - - [05/Dec/2018:13:14:54 +0000] "POST /phpmyadmin/import.php HTTP/1.1" 200 23473
::1 - - [05/Dec/2018:13:14:55 +0000] "GET /phpmyadmin/js/get_scripts.js.php?scripts[]=jquery/jquery-1.8.3.js&scripts[]=ajax.js&scripts[]=keyhandler.js&scripts[]=jquery/jquery-ui-1.9.2.custom.js&scripts[]=jquery/jquery.sprintf.js&scripts[]=jquery/jquery.cookie.js&scripts[]=jquery/jquery.mousewheel.js&scripts[]=jquery/jquery.event.drag-2.2.js&scripts[]=jquery/jquery-ui-timepicker-addon.js&scripts[]=jquery/jquery.ba-hashchange-1.3.js&scripts[]=jquery/jquery.debounce-1.0.5.js&scripts[]=jquery/jquery.menuResizer-1.0.js&scripts[]=rte.js&scripts[]=functions.js&scripts[]=navigation.js&scripts[]=indexes.js&scripts[]=common.js&scripts[]=import.js&scripts[]=codemirror/lib/codemirror.js&scripts[]=codemirror/mode/mysql/mysql.js HTTP/1.1" 200 580146
::1 - - [05/Dec/2018:13:14:55 +0000] "GET /phpmyadmin/js/messages.php?lang=en&db=titanic&server=0&token=4ab96a164e995f81e9478664ca2648f6 HTTP/1.1" 200 16674
::1 - - [05/Dec/2018:13:14:55 +0000] "GET /phpmyadmin/index.php?ajax_request=1&recent_table=1&token=4ab96a164e995f81e9478664ca2648f6 HTTP/1.1" 200 218
::1 - - [05/Dec/2018:13:14:56 +0000] "GET /phpmyadmin/sql.php?db=titanic&table=passengers&token=4ab96a164e995f81e9478664ca2648f6&pos=0&ajax_request=true&ajax_page_request=true&_nocache=1544015696954802436 HTTP/1.1" 200 118769
::1 - - [05/Dec/2018:13:14:57 +0000] "GET /phpmyadmin/themes/pmahomme/img/s_fulltext.png HTTP/1.1" 200 193
::1 - - [05/Dec/2018:13:14:57 +0000] "GET /phpmyadmin/js/get_scripts.js.php?scripts[]=tbl_change.js&scripts[]=tbl_structure.js&scripts[]=gis_data_editor.js&scripts[]=makegrid.js&scripts[]=sql.js HTTP/1.1" 200 57302
::1 - - [05/Dec/2018:13:14:57 +0000] "GET /phpmyadmin/index.php?ajax_request=1&recent_table=1&token=4ab96a164e995f81e9478664ca2648f6 HTTP/1.1" 200 218
::1 - - [05/Dec/2018:13:14:57 +0000] "GET /phpmyadmin/themes/pmahomme/img/col_pointer.png HTTP/1.1" 200 113
::1 - - [05/Dec/2018:13:14:57 +0000] "GET /phpmyadmin/themes/pmahomme/img/col_drop.png HTTP/1.1" 200 132
::1 - - [05/Dec/2018:13:14:59 +0000] "GET /phpmyadmin/tbl_structure.php?db=titanic&table=passengers&token=4ab96a164e995f81e9478664ca2648f6&ajax_request=true&ajax_page_request=true&menuHashes=786b4570&_nocache=1544015699559542770 HTTP/1.1" 200 63748
::1 - - [05/Dec/2018:13:14:59 +0000] "GET /phpmyadmin/index.php?ajax_request=1&recent_table=1&token=4ab96a164e995f81e9478664ca2648f6 HTTP/1.1" 200 218
::1 - - [05/Dec/2018:13:15:01 +0000] "GET /phpmyadmin/sql.php?db=titanic&table=passengers&token=4ab96a164e995f81e9478664ca2648f6&pos=0&ajax_request=true&ajax_page_request=true&menuHashes=786b4570-96cd0cfd&_nocache=154401570124374477 HTTP/1.1" 200 115703
::1 - - [05/Dec/2018:13:15:01 +0000] "GET /phpmyadmin/index.php?ajax_request=1&recent_table=1&token=4ab96a164e995f81e9478664ca2648f6 HTTP/1.1" 200 218
