2018-12-03 11:53:48 7696 [Note] Plugin 'FEDERATED' is disabled.
2018-12-03 11:53:48 7696 [Note] InnoDB: The InnoDB memory heap is disabled
2018-12-03 11:53:48 7696 [Note] InnoDB: Mutexes and rw_locks use Windows interlocked functions
2018-12-03 11:53:48 7696 [Note] InnoDB: Compressed tables use zlib 1.2.3
2018-12-03 11:53:48 7696 [Note] InnoDB: Not using CPU crc32 instructions
2018-12-03 11:53:48 7696 [Note] InnoDB: Initializing buffer pool, size = 128.0M
2018-12-03 11:53:48 7696 [Note] InnoDB: Completed initialization of buffer pool
2018-12-03 11:53:48 7696 [Note] InnoDB: Setting log file C:\Users\SIM14103387\Documents\neueda-springboot-2018\usbwebserver\mysql\data\ib_logfile101 size to 5 MB
2018-12-03 11:53:48 7696 [Note] InnoDB: Setting log file C:\Users\SIM14103387\Documents\neueda-springboot-2018\usbwebserver\mysql\data\ib_logfile1 size to 5 MB
2018-12-03 11:53:49 7696 [Note] InnoDB: Renaming log file C:\Users\SIM14103387\Documents\neueda-springboot-2018\usbwebserver\mysql\data\ib_logfile101 to C:\Users\SIM14103387\Documents\neueda-springboot-2018\usbwebserver\mysql\data\ib_logfile0
2018-12-03 11:53:49 7696 [Warning] InnoDB: New log files created, LSN=1626134
2018-12-03 11:53:49 7696 [Note] InnoDB: Highest supported file format is Barracuda.
2018-12-03 11:53:49 7696 [Note] InnoDB: 128 rollback segment(s) are active.
2018-12-03 11:53:49 7696 [Note] InnoDB: Waiting for purge to start
2018-12-03 11:53:50 7696 [Note] InnoDB: 5.6.13 started; log sequence number 1626636
2018-12-03 11:53:50 7696 [Warning] No existing UUID has been found, so we assume that this is the first time that this server has been started. Generating a new UUID: 1955de7f-f6f2-11e8-a7d0-8851fb5ff101.
2018-12-03 11:53:50 7696 [Note] Server hostname (bind-address): '*'; port: 3307
2018-12-03 11:53:50 7696 [Note] IPv6 is available.
2018-12-03 11:53:50 7696 [Note]   - '::' resolves to '::';
2018-12-03 11:53:50 7696 [Note] Server socket created on IP: '::'.
2018-12-03 12:12:13 6436 [Note] Plugin 'FEDERATED' is disabled.
2018-12-03 12:12:13 6436 [Note] InnoDB: The InnoDB memory heap is disabled
2018-12-03 12:12:13 6436 [Note] InnoDB: Mutexes and rw_locks use Windows interlocked functions
2018-12-03 12:12:13 6436 [Note] InnoDB: Compressed tables use zlib 1.2.3
2018-12-03 12:12:13 6436 [Note] InnoDB: Not using CPU crc32 instructions
2018-12-03 12:12:13 6436 [Note] InnoDB: Initializing buffer pool, size = 128.0M
2018-12-03 12:12:13 6436 [Note] InnoDB: Completed initialization of buffer pool
2018-12-03 12:12:13 6436 [Note] InnoDB: Highest supported file format is Barracuda.
2018-12-03 12:12:13 6436 [Note] InnoDB: The log sequence numbers 1626134 and 1626134 in ibdata files do not match the log sequence number 1626646 in the ib_logfiles!
2018-12-03 12:12:13 6436 [Note] InnoDB: Database was not shutdown normally!
2018-12-03 12:12:13 6436 [Note] InnoDB: Starting crash recovery.
2018-12-03 12:12:13 6436 [Note] InnoDB: Reading tablespace information from the .ibd files...
2018-12-03 12:12:13 6436 [Note] InnoDB: Restoring possible half-written data pages 
2018-12-03 12:12:13 6436 [Note] InnoDB: from the doublewrite buffer...
2018-12-03 12:12:13 6436 [Note] InnoDB: 128 rollback segment(s) are active.
2018-12-03 12:12:13 6436 [Note] InnoDB: Waiting for purge to start
2018-12-03 12:12:13 6436 [Note] InnoDB: 5.6.13 started; log sequence number 1626646
2018-12-03 12:12:13 6436 [Note] Server hostname (bind-address): '*'; port: 3307
2018-12-03 12:12:13 6436 [Note] IPv6 is available.
2018-12-03 12:12:13 6436 [Note]   - '::' resolves to '::';
2018-12-03 12:12:13 6436 [Note] Server socket created on IP: '::'.
2018-12-03 12:14:49 6052 [Note] Plugin 'FEDERATED' is disabled.
2018-12-03 12:14:49 6052 [Note] InnoDB: The InnoDB memory heap is disabled
2018-12-03 12:14:49 6052 [Note] InnoDB: Mutexes and rw_locks use Windows interlocked functions
2018-12-03 12:14:49 6052 [Note] InnoDB: Compressed tables use zlib 1.2.3
2018-12-03 12:14:49 6052 [Note] InnoDB: Not using CPU crc32 instructions
2018-12-03 12:14:49 6052 [Note] InnoDB: Initializing buffer pool, size = 128.0M
2018-12-03 12:14:49 6052 [Note] InnoDB: Completed initialization of buffer pool
2018-12-03 12:14:49 6052 [Note] InnoDB: Highest supported file format is Barracuda.
2018-12-03 12:14:49 6052 [Note] InnoDB: The log sequence numbers 1626134 and 1626134 in ibdata files do not match the log sequence number 1626656 in the ib_logfiles!
2018-12-03 12:14:49 6052 [Note] InnoDB: Database was not shutdown normally!
2018-12-03 12:14:49 6052 [Note] InnoDB: Starting crash recovery.
2018-12-03 12:14:49 6052 [Note] InnoDB: Reading tablespace information from the .ibd files...
2018-12-03 12:14:49 6052 [Note] InnoDB: Restoring possible half-written data pages 
2018-12-03 12:14:49 6052 [Note] InnoDB: from the doublewrite buffer...
2018-12-03 12:14:49 6052 [Note] InnoDB: 128 rollback segment(s) are active.
2018-12-03 12:14:49 6052 [Note] InnoDB: Waiting for purge to start
2018-12-03 12:14:49 6052 [Note] InnoDB: 5.6.13 started; log sequence number 1626656
2018-12-03 12:14:49 6052 [Note] Server hostname (bind-address): '*'; port: 3306
2018-12-03 12:14:49 6052 [Note] IPv6 is available.
2018-12-03 12:14:49 6052 [Note]   - '::' resolves to '::';
2018-12-03 12:14:49 6052 [Note] Server socket created on IP: '::'.
2018-12-03 12:19:38 9124 [Note] Plugin 'FEDERATED' is disabled.
2018-12-03 12:19:38 9124 [Note] InnoDB: The InnoDB memory heap is disabled
2018-12-03 12:19:38 9124 [Note] InnoDB: Mutexes and rw_locks use Windows interlocked functions
2018-12-03 12:19:38 9124 [Note] InnoDB: Compressed tables use zlib 1.2.3
2018-12-03 12:19:38 9124 [Note] InnoDB: Not using CPU crc32 instructions
2018-12-03 12:19:38 9124 [Note] InnoDB: Initializing buffer pool, size = 128.0M
2018-12-03 12:19:38 9124 [Note] InnoDB: Completed initialization of buffer pool
2018-12-03 12:19:38 9124 [Note] InnoDB: Highest supported file format is Barracuda.
2018-12-03 12:19:38 9124 [Note] InnoDB: The log sequence numbers 1626134 and 1626134 in ibdata files do not match the log sequence number 1626666 in the ib_logfiles!
2018-12-03 12:19:38 9124 [Note] InnoDB: Database was not shutdown normally!
2018-12-03 12:19:38 9124 [Note] InnoDB: Starting crash recovery.
2018-12-03 12:19:38 9124 [Note] InnoDB: Reading tablespace information from the .ibd files...
2018-12-03 12:19:38 9124 [Note] InnoDB: Restoring possible half-written data pages 
2018-12-03 12:19:38 9124 [Note] InnoDB: from the doublewrite buffer...
2018-12-03 12:19:39 9124 [Note] InnoDB: 128 rollback segment(s) are active.
2018-12-03 12:19:40 9124 [Note] InnoDB: Waiting for purge to start
2018-12-03 12:19:40 9124 [Note] InnoDB: 5.6.13 started; log sequence number 1626666
2018-12-03 12:19:40 9124 [Note] Server hostname (bind-address): '*'; port: 3307
2018-12-03 12:19:40 9124 [Note] IPv6 is available.
2018-12-03 12:19:40 9124 [Note]   - '::' resolves to '::';
2018-12-03 12:19:40 9124 [Note] Server socket created on IP: '::'.
2018-12-03 12:19:54 9364 [Note] Plugin 'FEDERATED' is disabled.
2018-12-03 12:19:54 9364 [Note] InnoDB: The InnoDB memory heap is disabled
2018-12-03 12:19:54 9364 [Note] InnoDB: Mutexes and rw_locks use Windows interlocked functions
2018-12-03 12:19:54 9364 [Note] InnoDB: Compressed tables use zlib 1.2.3
2018-12-03 12:19:54 9364 [Note] InnoDB: Not using CPU crc32 instructions
2018-12-03 12:19:54 9364 [Note] InnoDB: Initializing buffer pool, size = 128.0M
2018-12-03 12:19:54 9364 [Note] InnoDB: Completed initialization of buffer pool
2018-12-03 12:19:54 9364 [Note] InnoDB: Highest supported file format is Barracuda.
2018-12-03 12:19:54 9364 [Note] InnoDB: The log sequence numbers 1626134 and 1626134 in ibdata files do not match the log sequence number 1626676 in the ib_logfiles!
2018-12-03 12:19:54 9364 [Note] InnoDB: Database was not shutdown normally!
2018-12-03 12:19:54 9364 [Note] InnoDB: Starting crash recovery.
2018-12-03 12:19:54 9364 [Note] InnoDB: Reading tablespace information from the .ibd files...
2018-12-03 12:19:54 9364 [Note] InnoDB: Restoring possible half-written data pages 
2018-12-03 12:19:54 9364 [Note] InnoDB: from the doublewrite buffer...
2018-12-03 12:19:55 9364 [Note] InnoDB: 128 rollback segment(s) are active.
2018-12-03 12:19:55 9364 [Note] InnoDB: Waiting for purge to start
2018-12-03 12:19:55 9364 [Note] InnoDB: 5.6.13 started; log sequence number 1626676
2018-12-03 12:19:55 9364 [Note] Server hostname (bind-address): '*'; port: 3306
2018-12-03 12:19:55 9364 [Note] IPv6 is available.
2018-12-03 12:19:55 9364 [Note]   - '::' resolves to '::';
2018-12-03 12:19:55 9364 [Note] Server socket created on IP: '::'.
2018-12-03 12:20:03 6356 [Note] Plugin 'FEDERATED' is disabled.
2018-12-03 12:20:03 6356 [Note] InnoDB: The InnoDB memory heap is disabled
2018-12-03 12:20:03 6356 [Note] InnoDB: Mutexes and rw_locks use Windows interlocked functions
2018-12-03 12:20:03 6356 [Note] InnoDB: Compressed tables use zlib 1.2.3
2018-12-03 12:20:03 6356 [Note] InnoDB: Not using CPU crc32 instructions
2018-12-03 12:20:03 6356 [Note] InnoDB: Initializing buffer pool, size = 128.0M
2018-12-03 12:20:03 6356 [Note] InnoDB: Completed initialization of buffer pool
2018-12-03 12:20:04 6356 [Note] InnoDB: Highest supported file format is Barracuda.
2018-12-03 12:20:04 6356 [Note] InnoDB: The log sequence numbers 1626134 and 1626134 in ibdata files do not match the log sequence number 1626686 in the ib_logfiles!
2018-12-03 12:20:04 6356 [Note] InnoDB: Database was not shutdown normally!
2018-12-03 12:20:04 6356 [Note] InnoDB: Starting crash recovery.
2018-12-03 12:20:04 6356 [Note] InnoDB: Reading tablespace information from the .ibd files...
2018-12-03 12:20:04 6356 [Note] InnoDB: Restoring possible half-written data pages 
2018-12-03 12:20:04 6356 [Note] InnoDB: from the doublewrite buffer...
2018-12-03 12:20:04 6356 [Note] InnoDB: 128 rollback segment(s) are active.
2018-12-03 12:20:04 6356 [Note] InnoDB: Waiting for purge to start
2018-12-03 12:20:04 6356 [Note] InnoDB: 5.6.13 started; log sequence number 1626686
2018-12-03 12:20:04 6356 [Note] Server hostname (bind-address): '*'; port: 3306
2018-12-03 12:20:04 6356 [Note] IPv6 is available.
2018-12-03 12:20:04 6356 [Note]   - '::' resolves to '::';
2018-12-03 12:20:04 6356 [Note] Server socket created on IP: '::'.
2018-12-03 14:13:48 13300 [Note] Plugin 'FEDERATED' is disabled.
2018-12-03 14:13:48 13300 [Note] InnoDB: The InnoDB memory heap is disabled
2018-12-03 14:13:48 13300 [Note] InnoDB: Mutexes and rw_locks use Windows interlocked functions
2018-12-03 14:13:48 13300 [Note] InnoDB: Compressed tables use zlib 1.2.3
2018-12-03 14:13:48 13300 [Note] InnoDB: Not using CPU crc32 instructions
2018-12-03 14:13:48 13300 [Note] InnoDB: Initializing buffer pool, size = 128.0M
2018-12-03 14:13:48 13300 [Note] InnoDB: Completed initialization of buffer pool
2018-12-03 14:13:48 13300 [Note] InnoDB: Highest supported file format is Barracuda.
2018-12-03 14:13:48 13300 [Note] InnoDB: The log sequence numbers 1626134 and 1626134 in ibdata files do not match the log sequence number 1626696 in the ib_logfiles!
2018-12-03 14:13:48 13300 [Note] InnoDB: Database was not shutdown normally!
2018-12-03 14:13:48 13300 [Note] InnoDB: Starting crash recovery.
2018-12-03 14:13:48 13300 [Note] InnoDB: Reading tablespace information from the .ibd files...
2018-12-03 14:13:48 13300 [Note] InnoDB: Restoring possible half-written data pages 
2018-12-03 14:13:48 13300 [Note] InnoDB: from the doublewrite buffer...
2018-12-03 14:13:50 13300 [Note] InnoDB: 128 rollback segment(s) are active.
2018-12-03 14:13:50 13300 [Note] InnoDB: Waiting for purge to start
2018-12-03 14:13:50 13300 [Note] InnoDB: 5.6.13 started; log sequence number 1626696
2018-12-03 14:13:50 13300 [Note] Server hostname (bind-address): '*'; port: 3306
2018-12-03 14:13:50 13300 [Note] IPv6 is available.
2018-12-03 14:13:50 13300 [Note]   - '::' resolves to '::';
2018-12-03 14:13:50 13300 [Note] Server socket created on IP: '::'.
2018-12-04 09:19:59 7184 [Note] Plugin 'FEDERATED' is disabled.
2018-12-04 09:19:59 7184 [Note] InnoDB: The InnoDB memory heap is disabled
2018-12-04 09:19:59 7184 [Note] InnoDB: Mutexes and rw_locks use Windows interlocked functions
2018-12-04 09:19:59 7184 [Note] InnoDB: Compressed tables use zlib 1.2.3
2018-12-04 09:19:59 7184 [Note] InnoDB: Not using CPU crc32 instructions
2018-12-04 09:19:59 7184 [Note] InnoDB: Initializing buffer pool, size = 128.0M
2018-12-04 09:19:59 7184 [Note] InnoDB: Completed initialization of buffer pool
2018-12-04 09:20:00 7184 [Note] InnoDB: Highest supported file format is Barracuda.
2018-12-04 09:20:00 7184 [Note] InnoDB: The log sequence numbers 1626134 and 1626134 in ibdata files do not match the log sequence number 1626706 in the ib_logfiles!
2018-12-04 09:20:00 7184 [Note] InnoDB: Database was not shutdown normally!
2018-12-04 09:20:00 7184 [Note] InnoDB: Starting crash recovery.
2018-12-04 09:20:00 7184 [Note] InnoDB: Reading tablespace information from the .ibd files...
2018-12-04 09:20:00 7184 [Note] InnoDB: Restoring possible half-written data pages 
2018-12-04 09:20:00 7184 [Note] InnoDB: from the doublewrite buffer...
2018-12-04 09:20:03 7184 [Note] InnoDB: 128 rollback segment(s) are active.
2018-12-04 09:20:03 7184 [Note] InnoDB: Waiting for purge to start
2018-12-04 09:20:03 7184 [Note] InnoDB: 5.6.13 started; log sequence number 1626706
2018-12-04 09:20:03 7184 [Note] Server hostname (bind-address): '*'; port: 3306
2018-12-04 09:20:03 7184 [Note] IPv6 is available.
2018-12-04 09:20:03 7184 [Note]   - '::' resolves to '::';
2018-12-04 09:20:03 7184 [Note] Server socket created on IP: '::'.
2018-12-05 09:20:29 4700 [Note] Plugin 'FEDERATED' is disabled.
2018-12-05 09:20:29 4700 [Note] InnoDB: The InnoDB memory heap is disabled
2018-12-05 09:20:29 4700 [Note] InnoDB: Mutexes and rw_locks use Windows interlocked functions
2018-12-05 09:20:29 4700 [Note] InnoDB: Compressed tables use zlib 1.2.3
2018-12-05 09:20:29 4700 [Note] InnoDB: Not using CPU crc32 instructions
2018-12-05 09:20:29 4700 [Note] InnoDB: Initializing buffer pool, size = 128.0M
2018-12-05 09:20:29 4700 [Note] InnoDB: Completed initialization of buffer pool
2018-12-05 09:20:29 4700 [Note] InnoDB: Highest supported file format is Barracuda.
2018-12-05 09:20:29 4700 [Note] InnoDB: The log sequence numbers 1626134 and 1626134 in ibdata files do not match the log sequence number 1954703 in the ib_logfiles!
2018-12-05 09:20:29 4700 [Note] InnoDB: Database was not shutdown normally!
2018-12-05 09:20:29 4700 [Note] InnoDB: Starting crash recovery.
2018-12-05 09:20:29 4700 [Note] InnoDB: Reading tablespace information from the .ibd files...
2018-12-05 09:20:30 4700 [Note] InnoDB: Restoring possible half-written data pages 
2018-12-05 09:20:30 4700 [Note] InnoDB: from the doublewrite buffer...
2018-12-05 09:20:31 4700 [Note] InnoDB: 128 rollback segment(s) are active.
2018-12-05 09:20:31 4700 [Note] InnoDB: Waiting for purge to start
2018-12-05 09:20:31 4700 [Note] InnoDB: 5.6.13 started; log sequence number 1954703
2018-12-05 09:20:31 4700 [Note] Server hostname (bind-address): '*'; port: 3306
2018-12-05 09:20:31 4700 [Note] IPv6 is available.
2018-12-05 09:20:31 4700 [Note]   - '::' resolves to '::';
2018-12-05 09:20:31 4700 [Note] Server socket created on IP: '::'.
2018-12-06 09:29:03 10152 [Note] Plugin 'FEDERATED' is disabled.
2018-12-06 09:29:04 10152 [Note] InnoDB: The InnoDB memory heap is disabled
2018-12-06 09:29:04 10152 [Note] InnoDB: Mutexes and rw_locks use Windows interlocked functions
2018-12-06 09:29:04 10152 [Note] InnoDB: Compressed tables use zlib 1.2.3
2018-12-06 09:29:04 10152 [Note] InnoDB: Not using CPU crc32 instructions
2018-12-06 09:29:05 10152 [Note] InnoDB: Initializing buffer pool, size = 128.0M
2018-12-06 09:29:05 10152 [Note] InnoDB: Completed initialization of buffer pool
2018-12-06 09:29:07 10152 [Note] InnoDB: Highest supported file format is Barracuda.
2018-12-06 09:29:08 10152 [Note] InnoDB: The log sequence numbers 1626134 and 1626134 in ibdata files do not match the log sequence number 1959713 in the ib_logfiles!
2018-12-06 09:29:08 10152 [Note] InnoDB: Database was not shutdown normally!
2018-12-06 09:29:08 10152 [Note] InnoDB: Starting crash recovery.
2018-12-06 09:29:08 10152 [Note] InnoDB: Reading tablespace information from the .ibd files...
2018-12-06 09:29:09 10152 [Note] InnoDB: Restoring possible half-written data pages 
2018-12-06 09:29:09 10152 [Note] InnoDB: from the doublewrite buffer...
2018-12-06 09:29:11 10152 [Note] InnoDB: 128 rollback segment(s) are active.
2018-12-06 09:29:11 10152 [Note] InnoDB: Waiting for purge to start
2018-12-06 09:29:11 10152 [Note] InnoDB: 5.6.13 started; log sequence number 1959713
2018-12-06 09:29:11 10152 [Note] Server hostname (bind-address): '*'; port: 3306
2018-12-06 09:29:11 10152 [Note] IPv6 is available.
2018-12-06 09:29:11 10152 [Note]   - '::' resolves to '::';
2018-12-06 09:29:11 10152 [Note] Server socket created on IP: '::'.
2018-12-10 10:35:32 2112 [Note] Plugin 'FEDERATED' is disabled.
2018-12-10 10:35:32 2112 [Note] InnoDB: The InnoDB memory heap is disabled
2018-12-10 10:35:32 2112 [Note] InnoDB: Mutexes and rw_locks use Windows interlocked functions
2018-12-10 10:35:32 2112 [Note] InnoDB: Compressed tables use zlib 1.2.3
2018-12-10 10:35:32 2112 [Note] InnoDB: Not using CPU crc32 instructions
2018-12-10 10:35:32 2112 [Note] InnoDB: Initializing buffer pool, size = 128.0M
2018-12-10 10:35:32 2112 [Note] InnoDB: Completed initialization of buffer pool
2018-12-10 10:35:35 2112 [Note] InnoDB: Highest supported file format is Barracuda.
2018-12-10 10:35:35 2112 [Note] InnoDB: The log sequence numbers 1626134 and 1626134 in ibdata files do not match the log sequence number 2086383 in the ib_logfiles!
2018-12-10 10:35:35 2112 [Note] InnoDB: Database was not shutdown normally!
2018-12-10 10:35:35 2112 [Note] InnoDB: Starting crash recovery.
2018-12-10 10:35:35 2112 [Note] InnoDB: Reading tablespace information from the .ibd files...
2018-12-10 10:35:35 2112 [Note] InnoDB: Restoring possible half-written data pages 
2018-12-10 10:35:35 2112 [Note] InnoDB: from the doublewrite buffer...
2018-12-10 10:35:37 2112 [Note] InnoDB: 128 rollback segment(s) are active.
2018-12-10 10:35:37 2112 [Note] InnoDB: Waiting for purge to start
2018-12-10 10:35:38 2112 [Note] InnoDB: 5.6.13 started; log sequence number 2086383
2018-12-10 10:35:38 2112 [Note] Server hostname (bind-address): '*'; port: 3306
2018-12-10 10:35:38 2112 [Note] IPv6 is available.
2018-12-10 10:35:38 2112 [Note]   - '::' resolves to '::';
2018-12-10 10:35:38 2112 [Note] Server socket created on IP: '::'.
2018-12-11 09:06:24 2472 [Note] Plugin 'FEDERATED' is disabled.
2018-12-11 09:06:26 2472 [Note] InnoDB: The InnoDB memory heap is disabled
2018-12-11 09:06:26 2472 [Note] InnoDB: Mutexes and rw_locks use Windows interlocked functions
2018-12-11 09:06:26 2472 [Note] InnoDB: Compressed tables use zlib 1.2.3
2018-12-11 09:06:26 2472 [Note] InnoDB: Not using CPU crc32 instructions
2018-12-11 09:06:26 2472 [Note] InnoDB: Initializing buffer pool, size = 128.0M
2018-12-11 09:06:26 2472 [Note] InnoDB: Completed initialization of buffer pool
2018-12-11 09:06:29 2472 [Note] InnoDB: Highest supported file format is Barracuda.
2018-12-11 09:06:29 2472 [Note] InnoDB: The log sequence numbers 1626134 and 1626134 in ibdata files do not match the log sequence number 2086393 in the ib_logfiles!
2018-12-11 09:06:29 2472 [Note] InnoDB: Database was not shutdown normally!
2018-12-11 09:06:29 2472 [Note] InnoDB: Starting crash recovery.
2018-12-11 09:06:29 2472 [Note] InnoDB: Reading tablespace information from the .ibd files...
2018-12-11 09:06:37 2472 [Note] InnoDB: Restoring possible half-written data pages 
2018-12-11 09:06:37 2472 [Note] InnoDB: from the doublewrite buffer...
2018-12-11 09:06:47 2472 [Note] InnoDB: 128 rollback segment(s) are active.
2018-12-11 09:06:47 2472 [Note] InnoDB: Waiting for purge to start
2018-12-11 09:06:47 2472 [Note] InnoDB: 5.6.13 started; log sequence number 2086393
2018-12-11 09:06:48 2472 [Note] Server hostname (bind-address): '*'; port: 3306
2018-12-11 09:06:48 2472 [Note] IPv6 is available.
2018-12-11 09:06:48 2472 [Note]   - '::' resolves to '::';
2018-12-11 09:06:48 2472 [Note] Server socket created on IP: '::'.
